<?xml version="1.0" encoding="UTF-8"?>
<!-- Generated by org.testng.reporters.JUnitReportReporter -->
<testsuite hostname="DESKTOP-O3CNH6A" failures="0" tests="1" name="com.test.cases.TestCase_LoginFunction" time="4.609" errors="0" timestamp="2022-09-03T21:22:56 IST" skipped="0">
  <testcase classname="com.test.cases.TestCase_LoginFunction" name="LogIn" time="4.609"/>
  <system-out/>
</testsuite> <!-- com.test.cases.TestCase_LoginFunction -->
